<?xml version="1.0" encoding="UTF-8"?>
<testng-results ignored="0" total="2" passed="2" failed="0" skipped="0">
  <reporter-output>
  </reporter-output>
  <suite started-at="2018-10-18T06:11:08Z" name="Inetbanking" finished-at="2018-10-18T06:11:57Z" duration-ms="49047">
    <groups>
    </groups>
    <test started-at="2018-10-18T06:11:08Z" name="BankingApp Test2" finished-at="2018-10-18T06:11:57Z" duration-ms="49047">
      <class name="com.inetbanking.testCases.TC_LoginTest_001">
        <test-method is-config="true" signature="setup(java.lang.String)[pri:0, instance:com.inetbanking.testCases.TC_LoginTest_001@131774fe]" started-at="2018-10-18T06:11:08Z" name="setup" finished-at="2018-10-18T06:11:20Z" duration-ms="11664" status="PASS">
          <params>
            <param index="0">
              <value>
                <![CDATA[chrome]]>
              </value>
            </param>
          </params>
          <reporter-output>
          </reporter-output>
        </test-method> <!-- setup -->
        <test-method signature="loginTest()[pri:0, instance:com.inetbanking.testCases.TC_LoginTest_001@131774fe]" started-at="2018-10-18T06:11:20Z" name="loginTest" finished-at="2018-10-18T06:11:26Z" duration-ms="5601" status="PASS">
          <reporter-output>
          </reporter-output>
        </test-method> <!-- loginTest -->
        <test-method is-config="true" signature="tearDown()[pri:0, instance:com.inetbanking.testCases.TC_LoginTest_001@131774fe]" started-at="2018-10-18T06:11:26Z" name="tearDown" finished-at="2018-10-18T06:11:27Z" duration-ms="1178" status="PASS">
          <reporter-output>
          </reporter-output>
        </test-method> <!-- tearDown -->
      </class> <!-- com.inetbanking.testCases.TC_LoginTest_001 -->
      <class name="com.inetbanking.testCases.TC_AddCustomerTest_003">
        <test-method is-config="true" signature="setup(java.lang.String)[pri:0, instance:com.inetbanking.testCases.TC_AddCustomerTest_003@158d2680]" started-at="2018-10-18T06:11:27Z" name="setup" finished-at="2018-10-18T06:11:34Z" duration-ms="7612" status="PASS">
          <params>
            <param index="0">
              <value>
                <![CDATA[chrome]]>
              </value>
            </param>
          </params>
          <reporter-output>
          </reporter-output>
        </test-method> <!-- setup -->
        <test-method signature="addNewCustomer()[pri:0, instance:com.inetbanking.testCases.TC_AddCustomerTest_003@158d2680]" started-at="2018-10-18T06:11:34Z" name="addNewCustomer" finished-at="2018-10-18T06:11:56Z" duration-ms="21930" status="PASS">
          <reporter-output>
          </reporter-output>
        </test-method> <!-- addNewCustomer -->
        <test-method is-config="true" signature="tearDown()[pri:0, instance:com.inetbanking.testCases.TC_AddCustomerTest_003@158d2680]" started-at="2018-10-18T06:11:56Z" name="tearDown" finished-at="2018-10-18T06:11:57Z" duration-ms="662" status="PASS">
          <reporter-output>
          </reporter-output>
        </test-method> <!-- tearDown -->
      </class> <!-- com.inetbanking.testCases.TC_AddCustomerTest_003 -->
    </test> <!-- BankingApp Test2 -->
  </suite> <!-- Inetbanking -->
</testng-results>
