<?xml version="1.0" encoding="UTF-8"?>
<testng-results ignored="0" total="2" passed="2" failed="0" skipped="0">
  <reporter-output>
  </reporter-output>
  <suite started-at="2018-10-18T05:03:54Z" name="Inetbanking" finished-at="2018-10-18T05:04:37Z" duration-ms="43411">
    <groups>
    </groups>
    <test started-at="2018-10-18T05:03:54Z" name="BankingApp Test2" finished-at="2018-10-18T05:04:37Z" duration-ms="43411">
      <class name="com.inetbanking.testCases.TC_LoginTest_001">
        <test-method is-config="true" signature="setup(java.lang.String)[pri:0, instance:com.inetbanking.testCases.TC_LoginTest_001@f2ff811]" started-at="2018-10-18T05:03:54Z" name="setup" finished-at="2018-10-18T05:04:05Z" duration-ms="11155" status="PASS">
          <params>
            <param index="0">
              <value>
                <![CDATA[chrome]]>
              </value>
            </param>
          </params>
          <reporter-output>
          </reporter-output>
        </test-method> <!-- setup -->
        <test-method signature="loginTest()[pri:0, instance:com.inetbanking.testCases.TC_LoginTest_001@f2ff811]" started-at="2018-10-18T05:04:05Z" name="loginTest" finished-at="2018-10-18T05:04:09Z" duration-ms="4068" status="PASS">
          <reporter-output>
          </reporter-output>
        </test-method> <!-- loginTest -->
        <test-method is-config="true" signature="tearDown()[pri:0, instance:com.inetbanking.testCases.TC_LoginTest_001@f2ff811]" started-at="2018-10-18T05:04:09Z" name="tearDown" finished-at="2018-10-18T05:04:10Z" duration-ms="811" status="PASS">
          <reporter-output>
          </reporter-output>
        </test-method> <!-- tearDown -->
      </class> <!-- com.inetbanking.testCases.TC_LoginTest_001 -->
      <class name="com.inetbanking.testCases.TC_AddCustomerTest_003">
        <test-method is-config="true" signature="setup(java.lang.String)[pri:0, instance:com.inetbanking.testCases.TC_AddCustomerTest_003@568ff82]" started-at="2018-10-18T05:04:10Z" name="setup" finished-at="2018-10-18T05:04:18Z" duration-ms="7434" status="PASS">
          <params>
            <param index="0">
              <value>
                <![CDATA[chrome]]>
              </value>
            </param>
          </params>
          <reporter-output>
          </reporter-output>
        </test-method> <!-- setup -->
        <test-method signature="addNewCustomer()[pri:0, instance:com.inetbanking.testCases.TC_AddCustomerTest_003@568ff82]" started-at="2018-10-18T05:04:18Z" name="addNewCustomer" finished-at="2018-10-18T05:04:36Z" duration-ms="18573" status="PASS">
          <reporter-output>
          </reporter-output>
        </test-method> <!-- addNewCustomer -->
        <test-method is-config="true" signature="tearDown()[pri:0, instance:com.inetbanking.testCases.TC_AddCustomerTest_003@568ff82]" started-at="2018-10-18T05:04:36Z" name="tearDown" finished-at="2018-10-18T05:04:37Z" duration-ms="863" status="PASS">
          <reporter-output>
          </reporter-output>
        </test-method> <!-- tearDown -->
      </class> <!-- com.inetbanking.testCases.TC_AddCustomerTest_003 -->
    </test> <!-- BankingApp Test2 -->
  </suite> <!-- Inetbanking -->
</testng-results>
